This file contains any messages produced by compilers while
running configure, to aid debugging if configure makes a mistake.

It was created by apertium-ne-en configure 0.1, which was
generated by GNU Autoconf 2.68.  Invocation command line was

  $ ./configure 

## --------- ##
## Platform. ##
## --------- ##

hostname = ubuntu
uname -m = x86_64
uname -r = 3.2.0-23-generic
uname -s = Linux
uname -v = #36-Ubuntu SMP Tue Apr 10 20:39:51 UTC 2012

/usr/bin/uname -p = unknown
/bin/uname -X     = unknown

/bin/arch              = unknown
/usr/bin/arch -k       = unknown
/usr/convex/getsysinfo = unknown
/usr/bin/hostinfo      = unknown
/bin/machine           = unknown
/usr/bin/oslevel       = unknown
/bin/universe          = unknown

PATH: /usr/lib/lightdm/lightdm
PATH: /usr/local/sbin
PATH: /usr/local/bin
PATH: /usr/sbin
PATH: /usr/bin
PATH: /sbin
PATH: /bin
PATH: /usr/games


## ----------- ##
## Core tests. ##
## ----------- ##

configure:1748: checking for a BSD-compatible install
configure:1816: result: /usr/bin/install -c
configure:1827: checking whether build environment is sane
configure:1877: result: yes
configure:2018: checking for a thread-safe mkdir -p
configure:2057: result: /bin/mkdir -p
configure:2070: checking for gawk
configure:2086: found /usr/bin/gawk
configure:2097: result: gawk
configure:2108: checking whether make sets $(MAKE)
configure:2130: result: yes
configure:2201: checking whether ln -s works
configure:2205: result: yes
configure:2216: checking for gawk
configure:2243: result: gawk
configure:2313: checking for pkg-config
configure:2331: found /usr/bin/pkg-config
configure:2343: result: /usr/bin/pkg-config
configure:2368: checking pkg-config is at least version 0.9.0
configure:2371: result: yes
configure:2383: checking for APERTIUM
configure:2390: $PKG_CONFIG --exists --print-errors "apertium-1.0 >= 1.0.0"
Package apertium-1.0 was not found in the pkg-config search path.
Perhaps you should add the directory containing `apertium-1.0.pc'
to the PKG_CONFIG_PATH environment variable
No package 'apertium-1.0' found
configure:2393: $? = 1
configure:2407: $PKG_CONFIG --exists --print-errors "apertium-1.0 >= 1.0.0"
Package apertium-1.0 was not found in the pkg-config search path.
Perhaps you should add the directory containing `apertium-1.0.pc'
to the PKG_CONFIG_PATH environment variable
No package 'apertium-1.0' found
configure:2410: $? = 1
configure:2424: result: no
No package 'apertium-1.0' found
configure:2443: checking for APERTIUM
configure:2450: $PKG_CONFIG --exists --print-errors "apertium-2.0 >= 2.0.0"
Package apertium-2.0 was not found in the pkg-config search path.
Perhaps you should add the directory containing `apertium-2.0.pc'
to the PKG_CONFIG_PATH environment variable
No package 'apertium-2.0' found
configure:2453: $? = 1
configure:2467: $PKG_CONFIG --exists --print-errors "apertium-2.0 >= 2.0.0"
Package apertium-2.0 was not found in the pkg-config search path.
Perhaps you should add the directory containing `apertium-2.0.pc'
to the PKG_CONFIG_PATH environment variable
No package 'apertium-2.0' found
configure:2470: $? = 1
configure:2484: result: no
No package 'apertium-2.0' found
configure:2503: checking for APERTIUM
configure:2510: $PKG_CONFIG --exists --print-errors "apertium-3.0 >= 3.0.0"
Package apertium-3.0 was not found in the pkg-config search path.
Perhaps you should add the directory containing `apertium-3.0.pc'
to the PKG_CONFIG_PATH environment variable
No package 'apertium-3.0' found
configure:2513: $? = 1
configure:2527: $PKG_CONFIG --exists --print-errors "apertium-3.0 >= 3.0.0"
Package apertium-3.0 was not found in the pkg-config search path.
Perhaps you should add the directory containing `apertium-3.0.pc'
to the PKG_CONFIG_PATH environment variable
No package 'apertium-3.0' found
configure:2530: $? = 1
configure:2544: result: no
No package 'apertium-3.0' found
configure:2563: checking for APERTIUM
configure:2570: $PKG_CONFIG --exists --print-errors "apertium-3.1 >= 3.1.0"
Package apertium-3.1 was not found in the pkg-config search path.
Perhaps you should add the directory containing `apertium-3.1.pc'
to the PKG_CONFIG_PATH environment variable
No package 'apertium-3.1' found
configure:2573: $? = 1
configure:2587: $PKG_CONFIG --exists --print-errors "apertium-3.1 >= 3.1.0"
Package apertium-3.1 was not found in the pkg-config search path.
Perhaps you should add the directory containing `apertium-3.1.pc'
to the PKG_CONFIG_PATH environment variable
No package 'apertium-3.1' found
configure:2590: $? = 1
configure:2604: result: no
No package 'apertium-3.1' found
configure:2623: checking for APERTIUM
configure:2630: $PKG_CONFIG --exists --print-errors "apertium-3.2 >= 3.2.0"
configure:2633: $? = 0
configure:2647: $PKG_CONFIG --exists --print-errors "apertium-3.2 >= 3.2.0"
configure:2650: $? = 0
configure:2708: result: yes
configure:5099: creating ./config.status

## ---------------------- ##
## Running config.status. ##
## ---------------------- ##

This file was extended by apertium-ne-en config.status 0.1, which was
generated by GNU Autoconf 2.68.  Invocation command line was

  CONFIG_FILES    = 
  CONFIG_HEADERS  = 
  CONFIG_LINKS    = 
  CONFIG_COMMANDS = 
  $ ./config.status 

on ubuntu

config.status:823: creating Makefile
config.status:823: creating config
config.status:1004: config is unchanged

## ---------------- ##
## Cache variables. ##
## ---------------- ##

ac_cv_env_APERTIUM_CFLAGS_set=
ac_cv_env_APERTIUM_CFLAGS_value=
ac_cv_env_APERTIUM_LIBS_set=
ac_cv_env_APERTIUM_LIBS_value=
ac_cv_env_PKG_CONFIG_LIBDIR_set=
ac_cv_env_PKG_CONFIG_LIBDIR_value=
ac_cv_env_PKG_CONFIG_PATH_set=set
ac_cv_env_PKG_CONFIG_PATH_value=/usr/local/lib/pkgconfig
ac_cv_env_PKG_CONFIG_set=
ac_cv_env_PKG_CONFIG_value=
ac_cv_env_build_alias_set=
ac_cv_env_build_alias_value=
ac_cv_env_host_alias_set=
ac_cv_env_host_alias_value=
ac_cv_env_target_alias_set=
ac_cv_env_target_alias_value=
ac_cv_path_ac_pt_PKG_CONFIG=/usr/bin/pkg-config
ac_cv_path_install='/usr/bin/install -c'
ac_cv_path_mkdir=/bin/mkdir
ac_cv_prog_AWK=gawk
ac_cv_prog_make_make_set=yes
pkg_cv_APERTIUM_CFLAGS='-I/usr/local/include/apertium-3.2 -I/usr/local/lib/apertium-3.2/include -I/usr/local/include/lttoolbox-3.2 -I/usr/local/lib/lttoolbox-3.2/include -I/usr/include/libxml2  '
pkg_cv_APERTIUM_LIBS='-L/usr/local/lib -lapertium3 -llttoolbox3 -lxml2 -lpcre  '

## ----------------- ##
## Output variables. ##
## ----------------- ##

ACLOCAL='${SHELL} /home/lalu/apertium/apertium-ne-en/missing --run aclocal-1.11'
AMTAR='$${TAR-tar}'
APERTIUM_CFLAGS='-I/usr/local/include/apertium-3.2 -I/usr/local/lib/apertium-3.2/include -I/usr/local/include/lttoolbox-3.2 -I/usr/local/lib/lttoolbox-3.2/include -I/usr/include/libxml2  '
APERTIUM_LIBS='-L/usr/local/lib -lapertium3 -llttoolbox3 -lxml2 -lpcre  '
APERTIUM_VER='32'
AUTOCONF='${SHELL} /home/lalu/apertium/apertium-ne-en/missing --run autoconf'
AUTOHEADER='${SHELL} /home/lalu/apertium/apertium-ne-en/missing --run autoheader'
AUTOMAKE='${SHELL} /home/lalu/apertium/apertium-ne-en/missing --run automake-1.11'
AWK='gawk'
CYGPATH_W='echo'
DEFS='-DHAVE_CONFIG_H'
ECHO_C=''
ECHO_N='-n'
ECHO_T=''
INSTALL_DATA='${INSTALL} -m 644'
INSTALL_PROGRAM='${INSTALL}'
INSTALL_SCRIPT='${INSTALL}'
INSTALL_STRIP_PROGRAM='$(install_sh) -c -s'
LIBOBJS=''
LIBS=''
LN_S='ln -s'
LTLIBOBJS=''
MAKEINFO='${SHELL} /home/lalu/apertium/apertium-ne-en/missing --run makeinfo'
MKDIR_P='/bin/mkdir -p'
PACKAGE='apertium-ne-en'
PACKAGE_BUGREPORT='lkhatiwada@users.sourceforge.net'
PACKAGE_NAME='apertium-ne-en'
PACKAGE_STRING='apertium-ne-en 0.1'
PACKAGE_TARNAME='apertium-ne-en'
PACKAGE_URL=''
PACKAGE_VERSION='0.1'
PATH_SEPARATOR=':'
PKG_CONFIG='/usr/bin/pkg-config'
PKG_CONFIG_LIBDIR=''
PKG_CONFIG_PATH='/usr/local/lib/pkgconfig'
SET_MAKE=''
SHELL='/bin/bash'
STRIP=''
VERSION='0.1'
am__isrc=''
am__leading_dot='.'
am__tar='$${TAR-tar} chof - "$$tardir"'
am__untar='$${TAR-tar} xf -'
bindir='${exec_prefix}/bin'
build_alias=''
datadir='${datarootdir}'
datarootdir='${prefix}/share'
docdir='${datarootdir}/doc/${PACKAGE_TARNAME}'
dvidir='${docdir}'
exec_prefix='${prefix}'
host_alias=''
htmldir='${docdir}'
includedir='${prefix}/include'
infodir='${datarootdir}/info'
install_sh='${SHELL} /home/lalu/apertium/apertium-ne-en/install-sh'
libdir='${exec_prefix}/lib'
libexecdir='${exec_prefix}/libexec'
localedir='${datarootdir}/locale'
localstatedir='${prefix}/var'
mandir='${datarootdir}/man'
mkdir_p='/bin/mkdir -p'
oldincludedir='/usr/include'
pdfdir='${docdir}'
prefix='/usr/local'
program_transform_name='s,x,x,'
psdir='${docdir}'
sbindir='${exec_prefix}/sbin'
sharedstatedir='${prefix}/com'
sysconfdir='${prefix}/etc'
target_alias=''

## ----------- ##
## confdefs.h. ##
## ----------- ##

/* confdefs.h */
#define PACKAGE_NAME "apertium-ne-en"
#define PACKAGE_TARNAME "apertium-ne-en"
#define PACKAGE_VERSION "0.1"
#define PACKAGE_STRING "apertium-ne-en 0.1"
#define PACKAGE_BUGREPORT "lkhatiwada@users.sourceforge.net"
#define PACKAGE_URL ""

configure: exit 0

## ---------------------- ##
## Running config.status. ##
## ---------------------- ##

This file was extended by apertium-ne-en config.status 0.1, which was
generated by GNU Autoconf 2.68.  Invocation command line was

  CONFIG_FILES    = 
  CONFIG_HEADERS  = 
  CONFIG_LINKS    = 
  CONFIG_COMMANDS = 
  $ ./config.status config

on ubuntu

config.status:823: creating config
config.status:1004: config is unchanged
